#
# A fatal error has been detected by the Java Runtime Environment:
#
#  Internal Error (javaClasses.cpp:136), pid=780, tid=2536
#  fatal error: Invalid layout of preloaded class
#
# JRE version:  (7.0_51-b13) (build )
# Java VM: Java HotSpot(TM) Client VM (24.51-b03 mixed mode windows-x86 )
# Failed to write core dump. Minidumps are not enabled by default on client versions of Windows
#
# If you would like to submit a bug report, please visit:
#   http://bugreport.sun.com/bugreport/crash.jsp
#

---------------  T H R E A D  ---------------

Current thread (0x003dc800):  JavaThread "Unknown thread" [_thread_in_vm, id=2536, stack(0x024e0000,0x02530000)]

Stack: [0x024e0000,0x02530000],  sp=0x0252f468,  free space=317k
Native frames: (J=compiled Java code, j=interpreted, Vv=VM code, C=native code)
V  [jvm.dll+0x18e0f1]
V  [jvm.dll+0x187e66]
V  [jvm.dll+0x3586a]
V  [jvm.dll+0x358f6]
V  [jvm.dll+0x4400d]
V  [jvm.dll+0x442be]
V  [jvm.dll+0x9263a]
V  [jvm.dll+0x929eb]
V  [jvm.dll+0x13dc51]
V  [jvm.dll+0x16076c]
V  [jvm.dll+0xc8ebf]
C  [javaw.exe+0x13ce]
C  [javaw.exe+0x1e40]
C  [javaw.exe+0xa5b1]
C  [javaw.exe+0xa63b]
C  [kernel32.dll+0x1338a]
C  [ntdll.dll+0x39f72]
C  [ntdll.dll+0x39f45]


---------------  P R O C E S S  ---------------

Java Threads: ( => current thread )

Other Threads:

=>0x003dc800 (exited) JavaThread "Unknown thread" [_thread_in_vm, id=2536, stack(0x024e0000,0x02530000)]

VM state:not at safepoint (not fully initialized)

VM Mutex/Monitor currently owned by a thread: None

GC Heap History (0 events):
No events

Deoptimization events (0 events):
No events

Internal exceptions (0 events):
No events

Events (10 events):
Event: 0.008 loading class 0x01b79bf8 done
Event: 0.008 loading class 0x01b79688 done
Event: 0.008 loading class 0x01b79668
Event: 0.008 loading class 0x01b80990
Event: 0.008 loading class 0x01b80990 done
Event: 0.008 loading class 0x01b809c0
Event: 0.008 loading class 0x01b809c0 done
Event: 0.008 loading class 0x01b809f0
Event: 0.008 loading class 0x01b809f0 done
Event: 0.008 loading class 0x01b79668 done


Dynamic libraries:
0x00350000 - 0x0037f000 	C:\Program Files (x86)\Java\jre7\bin\javaw.exe
0x77860000 - 0x779e0000 	C:\Windows\SysWOW64\ntdll.dll
0x753a0000 - 0x754b0000 	C:\Windows\syswow64\kernel32.dll
0x763f0000 - 0x76437000 	C:\Windows\syswow64\KERNELBASE.dll
0x76120000 - 0x761c0000 	C:\Windows\syswow64\ADVAPI32.dll
0x752e0000 - 0x7538c000 	C:\Windows\syswow64\msvcrt.dll
0x752c0000 - 0x752d9000 	C:\Windows\SysWOW64\sechost.dll
0x76450000 - 0x76540000 	C:\Windows\syswow64\RPCRT4.dll
0x75260000 - 0x752c0000 	C:\Windows\syswow64\SspiCli.dll
0x75250000 - 0x7525c000 	C:\Windows\syswow64\CRYPTBASE.dll
0x75fd0000 - 0x760d0000 	C:\Windows\syswow64\USER32.dll
0x75ac0000 - 0x75b50000 	C:\Windows\syswow64\GDI32.dll
0x760d0000 - 0x760da000 	C:\Windows\syswow64\LPK.dll
0x758f0000 - 0x7598d000 	C:\Windows\syswow64\USP10.dll
0x74c50000 - 0x74dee000 	C:\Windows\WinSxS\x86_microsoft.windows.common-controls_6595b64144ccf1df_6.0.7601.17514_none_41e6975e2bd6f2b2\COMCTL32.dll
0x75570000 - 0x755c7000 	C:\Windows\syswow64\SHLWAPI.dll
0x76540000 - 0x765a0000 	C:\Windows\system32\IMM32.DLL
0x75620000 - 0x756ec000 	C:\Windows\syswow64\MSCTF.dll
0x74ef0000 - 0x74f25000 	c:\windows\syswow64\nvinit.dll
0x56e60000 - 0x56f1f000 	C:\Program Files (x86)\Java\jre7\bin\msvcr100.dll
0x5d0d0000 - 0x5d450000 	C:\Program Files (x86)\Java\jre7\bin\client\jvm.dll
0x71220000 - 0x71227000 	C:\Windows\system32\WSOCK32.dll
0x760e0000 - 0x76115000 	C:\Windows\syswow64\WS2_32.dll
0x755e0000 - 0x755e6000 	C:\Windows\syswow64\NSI.dll
0x727e0000 - 0x72812000 	C:\Windows\system32\WINMM.dll
0x75df0000 - 0x75df5000 	C:\Windows\syswow64\PSAPI.DLL
0x6e200000 - 0x6e20c000 	C:\Program Files (x86)\Java\jre7\bin\verify.dll
0x6ce50000 - 0x6ce70000 	C:\Program Files (x86)\Java\jre7\bin\java.dll
0x6cd90000 - 0x6cda3000 	C:\Program Files (x86)\Java\jre7\bin\zip.dll
0x6e4b0000 - 0x6e59b000 	C:\Windows\system32\dbghelp.dll

VM Arguments:
jvm_args: -Dfile.encoding=MS950 -Xbootclasspath:D:\Android\adt\sdk\platforms\android-19\android.jar 
java_command: com.cgearc.greendao.ExampleDaoGenerator
Launcher Type: SUN_STANDARD

Environment Variables:
JAVA_HOME=D:\Java\jdk1.6.0_38
CLASSPATH=.; ;C:\Program Files (x86)\Java\jre7\lib\ext\QTJava.zip
PATH=C:/Program Files (x86)/Java/jre7/bin/client;C:/Program Files (x86)/Java/jre7/bin;C:/Program Files (x86)/Java/jre7/lib/i386;C:\Program Files (x86)\NVIDIA Corporation\PhysX\Common;c:\Program Files (x86)\Intel\iCLS Client\;c:\Program Files\Intel\iCLS Client\;C:\Windows\system32;C:\Windows;C:\Windows\System32\Wbem;C:\Windows\System32\WindowsPowerShell\v1.0\;C:\Program Files (x86)\Intel\OpenCL SDK\2.0\bin\x86;C:\Program Files (x86)\Intel\OpenCL SDK\2.0\bin\x64;C:\Program Files\Lenovo\Bluetooth Software\;C:\Program Files\Lenovo\Bluetooth Software\syswow64;C:\Program Files\Intel\WiFi\bin\;C:\Program Files\Common Files\Intel\WirelessCommon\;C:\Program Files\Intel\Intel(R) Management Engine Components\DAL;C:\Program Files\Intel\Intel(R) Management Engine Components\IPT;C:\Program Files (x86)\Intel\Intel(R) Management Engine Components\DAL;C:\Program Files (x86)\Intel\Intel(R) Management Engine Components\IPT;D:\Program\TortoiseSVN\bin;C:\Program Files (x86)\MATLAB\MATLAB Compiler Runtime\v714\runtime\win32;D:\Android\adt\sdk/tools;D:\Android\adt\sdk/platform-tools;D:\Java\jdk1.6.0_38/bin;D:\Android\maven/bin;C:\Program Files (x86)\Common Files\Ulead Systems\MPEG;C:\Program Files (x86)\QuickTime\QTSystem\;D:\Android\gradle\bin;D:\Android\adt\sdk\platform-tools;D:\DEV\GAE_SDK\python;D:\DEV\wamp\bin\php\php5.4.16;C:\ProgramData\ComposerSetup\bin;"C:\Program Files (x86)\Git\bin";D:\Software\MySQL\MySQL Utilities 1.3.6\;C:\Program Files\Intel\WiFi\bin\;C:\Program Files\Common Files\Intel\WirelessCommon\;C:\AppServ\Apache2.2\bin;C:\AppServ\php5;C:\AppServ\MySQL\bin;D:\Android\adt\eclipse;
USERNAME=Nevin
OS=Windows_NT
PROCESSOR_IDENTIFIER=Intel64 Family 6 Model 58 Stepping 9, GenuineIntel



---------------  S Y S T E M  ---------------

OS: Windows 7 , 64 bit Build 7601 Service Pack 1

CPU:total 4 (2 cores per cpu, 2 threads per core) family 6 model 58 stepping 9, cmov, cx8, fxsr, mmx, sse, sse2, sse3, ssse3, sse4.1, sse4.2, popcnt, avx, aes, erms, ht, tsc, tscinvbit, tscinv

Memory: 4k page, physical 8288620k(5275332k free), swap 16575376k(13059212k free)

vm_info: Java HotSpot(TM) Client VM (24.51-b03) for windows-x86 JRE (1.7.0_51-b13), built on Dec 18 2013 19:09:58 by "java_re" with unknown MS VC++:1600

time: Thu Jun 12 08:43:14 2014
elapsed time: 0 seconds

